2025-03-19T22:16:30.592-03:00  INFO 7888 --- [restartedMain] com.jfp.uploads.UploadsApplication       : Starting UploadsApplication using Java 21.0.6 with PID 7888 (C:\Users\joice\OneDrive\Documentos\power-pdf\backend\uploads\build\classes\java\main started by joice in C:\Users\joice\OneDrive\Documentos\power-pdf\backend\uploads)
2025-03-19T22:16:30.595-03:00 DEBUG 7888 --- [restartedMain] com.jfp.uploads.UploadsApplication       : Running with Spring Boot v3.3.3, Spring v6.1.12
2025-03-19T22:16:30.596-03:00  INFO 7888 --- [restartedMain] com.jfp.uploads.UploadsApplication       : No active profile set, falling back to 1 default profile: "default"
2025-03-19T22:16:30.686-03:00  INFO 7888 --- [restartedMain] .e.DevToolsPropertyDefaultsPostProcessor : Devtools property defaults active! Set 'spring.devtools.add-properties' to 'false' to disable
2025-03-19T22:16:30.689-03:00  INFO 7888 --- [restartedMain] .e.DevToolsPropertyDefaultsPostProcessor : For additional web related logging consider setting the 'logging.level.web' property to 'DEBUG'
2025-03-19T22:16:34.222-03:00  INFO 7888 --- [restartedMain] o.s.b.w.embedded.tomcat.TomcatWebServer  : Tomcat initialized with port 8082 (http)
2025-03-19T22:16:34.246-03:00  INFO 7888 --- [restartedMain] o.apache.catalina.core.StandardService   : Starting service [Tomcat]
2025-03-19T22:16:34.247-03:00  INFO 7888 --- [restartedMain] o.apache.catalina.core.StandardEngine    : Starting Servlet engine: [Apache Tomcat/10.1.28]
2025-03-19T22:16:34.349-03:00  INFO 7888 --- [restartedMain] o.a.c.c.C.[.[localhost].[/uploads]       : Initializing Spring embedded WebApplicationContext
2025-03-19T22:16:34.350-03:00  INFO 7888 --- [restartedMain] w.s.c.ServletWebServerApplicationContext : Root WebApplicationContext: initialization completed in 3660 ms
2025-03-19T22:16:35.697-03:00  INFO 7888 --- [restartedMain] r$InitializeUserDetailsManagerConfigurer : Global AuthenticationManager configured with UserDetailsService bean with name inMemoryUserDetailsManager
2025-03-19T22:16:36.334-03:00  INFO 7888 --- [restartedMain] o.s.b.a.e.web.EndpointLinksResolver      : Exposing 1 endpoint beneath base path '/actuator'
2025-03-19T22:16:37.396-03:00  INFO 7888 --- [restartedMain] o.s.b.d.a.OptionalLiveReloadServer       : LiveReload server is running on port 35729
2025-03-19T22:16:37.506-03:00  INFO 7888 --- [restartedMain] o.s.b.w.embedded.tomcat.TomcatWebServer  : Tomcat started on port 8082 (http) with context path '/uploads'
2025-03-19T22:16:37.530-03:00  INFO 7888 --- [restartedMain] com.jfp.uploads.UploadsApplication       : Started UploadsApplication in 7.842 seconds (process running for 8.745)
2025-03-19T22:16:56.271-03:00  INFO 7888 --- [tomcat-handler-0] o.a.c.c.C.[.[localhost].[/uploads]       : Initializing Spring DispatcherServlet 'dispatcherServlet'
2025-03-19T22:16:56.272-03:00  INFO 7888 --- [tomcat-handler-0] o.s.web.servlet.DispatcherServlet        : Initializing Servlet 'dispatcherServlet'
2025-03-19T22:16:56.275-03:00  INFO 7888 --- [tomcat-handler-0] o.s.web.servlet.DispatcherServlet        : Completed initialization in 3 ms
2025-03-19T22:17:00.613-03:00  INFO 7888 --- [tomcat-handler-11] o.springdoc.api.AbstractOpenApiResource  : Init duration for springdoc-openapi is: 382 ms
2025-03-22T13:02:12.762-03:00  INFO 19716 --- [restartedMain] com.jfp.pdf.PdfApplication               : Starting PdfApplication using Java 21.0.6 with PID 19716 (C:\Users\joice\OneDrive\Documentos\power-pdf\backend\api-pdf-service\build\classes\java\main started by joice in C:\Users\joice\OneDrive\Documentos\power-pdf\backend\api-pdf-service)
2025-03-22T13:02:12.768-03:00  INFO 19716 --- [restartedMain] com.jfp.pdf.PdfApplication               : No active profile set, falling back to 1 default profile: "default"
2025-03-22T13:02:12.878-03:00  INFO 19716 --- [restartedMain] .e.DevToolsPropertyDefaultsPostProcessor : Devtools property defaults active! Set 'spring.devtools.add-properties' to 'false' to disable
2025-03-22T13:02:12.879-03:00  INFO 19716 --- [restartedMain] .e.DevToolsPropertyDefaultsPostProcessor : For additional web related logging consider setting the 'logging.level.web' property to 'DEBUG'
2025-03-22T13:02:17.170-03:00  INFO 19716 --- [restartedMain] o.s.b.w.embedded.tomcat.TomcatWebServer  : Tomcat initialized with port 8082 (http)
2025-03-22T13:02:17.207-03:00  INFO 19716 --- [restartedMain] o.apache.catalina.core.StandardService   : Starting service [Tomcat]
2025-03-22T13:02:17.208-03:00  INFO 19716 --- [restartedMain] o.apache.catalina.core.StandardEngine    : Starting Servlet engine: [Apache Tomcat/10.1.28]
2025-03-22T13:02:17.323-03:00  INFO 19716 --- [restartedMain] o.a.c.c.C.[.[localhost].[/uploads]       : Initializing Spring embedded WebApplicationContext
2025-03-22T13:02:17.324-03:00  INFO 19716 --- [restartedMain] w.s.c.ServletWebServerApplicationContext : Root WebApplicationContext: initialization completed in 4443 ms
2025-03-22T13:02:18.750-03:00  INFO 19716 --- [restartedMain] r$InitializeUserDetailsManagerConfigurer : Global AuthenticationManager configured with UserDetailsService bean with name inMemoryUserDetailsManager
2025-03-22T13:02:19.429-03:00  INFO 19716 --- [restartedMain] o.s.b.a.e.web.EndpointLinksResolver      : Exposing 1 endpoint beneath base path '/actuator'
2025-03-22T13:02:20.623-03:00  INFO 19716 --- [restartedMain] o.s.b.d.a.OptionalLiveReloadServer       : LiveReload server is running on port 35729
2025-03-22T13:02:20.739-03:00  INFO 19716 --- [restartedMain] o.s.b.w.embedded.tomcat.TomcatWebServer  : Tomcat started on port 8082 (http) with context path '/uploads'
2025-03-22T13:02:20.761-03:00  INFO 19716 --- [restartedMain] com.jfp.pdf.PdfApplication               : Started PdfApplication in 9.078 seconds (process running for 10.092)
